# JRE version: OpenJDK Runtime Environment (17.0.10) (build 17.0.10+0--11609105)
# Java VM: OpenJDK 64-Bit Server VM (17.0.10+0--11609105, mixed mode, tiered, compressed oops, compressed class ptrs, g1 gc, windows-amd64)
GC Precious Log:
 CPUs: 8 total, 8 available
 Memory: 16245M
 Large Page Support: Disabled
 NUMA Support: Disabled
 Compressed Oops: Enabled (32-bit)
 Heap Region Size: 1M
 Heap Min Capacity: 8M
 Heap Initial Capacity: 254M
 Heap Max Capacity: 2G
 Pre-touch: Disabled
 Parallel Workers: 8
 Concurrent Workers: 2
 Concurrent Refinement Workers: 8
 Periodic GC: Disabled
Heap:
 garbage-first heap   total 380928K, used 147360K [0x0000000080000000, 0x0000000100000000)
  region size 1024K, 3 young (3072K), 3 survivors (3072K)
 Metaspace       used 138362K, committed 139776K, reserved 1179648K
  class space    used 19297K, committed 19968K, reserved 1048576K
GC Heap History (20 events):
Event: 212.048 GC heap after
{Heap after GC invocations=51 (full 0):
 garbage-first heap   total 380928K, used 134208K [0x0000000080000000, 0x0000000100000000)
  region size 1024K, 2 young (2048K), 2 survivors (2048K)
 Metaspace       used 130849K, committed 131904K, reserved 1179648K
  class space    used 18619K, committed 19136K, reserved 1048576K
}
Event: 215.442 GC heap before
{Heap before GC invocations=51 (full 0):
 garbage-first heap   total 380928K, used 264256K [0x0000000080000000, 0x0000000100000000)
  region size 1024K, 131 young (134144K), 2 survivors (2048K)
 Metaspace       used 131712K, committed 132864K, reserved 1179648K
  class space    used 18666K, committed 19200K, reserved 1048576K
}
Event: 215.451 GC heap after
{Heap after GC invocations=52 (full 0):
 garbage-first heap   total 380928K, used 142012K [0x0000000080000000, 0x0000000100000000)
  region size 1024K, 10 young (10240K), 10 survivors (10240K)
 Metaspace       used 131712K, committed 132864K, reserved 1179648K
  class space    used 18666K, committed 19200K, reserved 1048576K
}
Event: 256.594 GC heap before
{Heap before GC invocations=53 (full 0):
 garbage-first heap   total 380928K, used 335548K [0x0000000080000000, 0x0000000100000000)
  region size 1024K, 167 young (171008K), 10 survivors (10240K)
 Metaspace       used 132344K, committed 133440K, reserved 1179648K
  class space    used 18650K, committed 19200K, reserved 1048576K
}
Event: 256.610 GC heap after
{Heap after GC invocations=54 (full 0):
 garbage-first heap   total 380928K, used 154091K [0x0000000080000000, 0x0000000100000000)
  region size 1024K, 21 young (21504K), 21 survivors (21504K)
 Metaspace       used 132344K, committed 133440K, reserved 1179648K
  class space    used 18650K, committed 19200K, reserved 1048576K
}
Event: 256.616 GC heap before
{Heap before GC invocations=54 (full 0):
 garbage-first heap   total 380928K, used 155115K [0x0000000080000000, 0x0000000100000000)
  region size 1024K, 22 young (22528K), 21 survivors (21504K)
 Metaspace       used 132348K, committed 133440K, reserved 1179648K
  class space    used 18650K, committed 19200K, reserved 1048576K
}
Event: 256.634 GC heap after
{Heap after GC invocations=55 (full 0):
 garbage-first heap   total 380928K, used 145130K [0x0000000080000000, 0x0000000100000000)
  region size 1024K, 2 young (2048K), 2 survivors (2048K)
 Metaspace       used 132348K, committed 133440K, reserved 1179648K
  class space    used 18650K, committed 19200K, reserved 1048576K
}
Event: 256.790 GC heap before
{Heap before GC invocations=55 (full 0):
 garbage-first heap   total 380928K, used 161514K [0x0000000080000000, 0x0000000100000000)
  region size 1024K, 19 young (19456K), 2 survivors (2048K)
 Metaspace       used 132475K, committed 133568K, reserved 1179648K
  class space    used 18652K, committed 19200K, reserved 1048576K
}
Event: 256.792 GC heap after
{Heap after GC invocations=56 (full 0):
 garbage-first heap   total 380928K, used 144911K [0x0000000080000000, 0x0000000100000000)
  region size 1024K, 2 young (2048K), 2 survivors (2048K)
 Metaspace       used 132475K, committed 133568K, reserved 1179648K
  class space    used 18652K, committed 19200K, reserved 1048576K
}
Event: 276.344 GC heap before
{Heap before GC invocations=57 (full 0):
 garbage-first heap   total 380928K, used 325135K [0x0000000080000000, 0x0000000100000000)
  region size 1024K, 146 young (149504K), 2 survivors (2048K)
 Metaspace       used 132967K, committed 134080K, reserved 1179648K
  class space    used 18673K, committed 19200K, reserved 1048576K
}
Event: 276.356 GC heap after
{Heap after GC invocations=58 (full 0):
 garbage-first heap   total 380928K, used 156826K [0x0000000080000000, 0x0000000100000000)
  region size 1024K, 13 young (13312K), 13 survivors (13312K)
 Metaspace       used 132967K, committed 134080K, reserved 1179648K
  class space    used 18673K, committed 19200K, reserved 1048576K
}
Event: 276.382 GC heap before
{Heap before GC invocations=58 (full 0):
 garbage-first heap   total 380928K, used 161946K [0x0000000080000000, 0x0000000100000000)
  region size 1024K, 18 young (18432K), 13 survivors (13312K)
 Metaspace       used 132987K, committed 134080K, reserved 1179648K
  class space    used 18673K, committed 19200K, reserved 1048576K
}
Event: 276.394 GC heap after
{Heap after GC invocations=59 (full 0):
 garbage-first heap   total 380928K, used 148010K [0x0000000080000000, 0x0000000100000000)
  region size 1024K, 2 young (2048K), 2 survivors (2048K)
 Metaspace       used 132987K, committed 134080K, reserved 1179648K
  class space    used 18673K, committed 19200K, reserved 1048576K
}
Event: 276.616 GC heap before
{Heap before GC invocations=59 (full 0):
 garbage-first heap   total 380928K, used 169514K [0x0000000080000000, 0x0000000100000000)
  region size 1024K, 25 young (25600K), 2 survivors (2048K)
 Metaspace       used 133122K, committed 134208K, reserved 1179648K
  class space    used 18674K, committed 19200K, reserved 1048576K
}
Event: 276.619 GC heap after
{Heap after GC invocations=60 (full 0):
 garbage-first heap   total 380928K, used 148490K [0x0000000080000000, 0x0000000100000000)
  region size 1024K, 2 young (2048K), 2 survivors (2048K)
 Metaspace       used 133122K, committed 134208K, reserved 1179648K
  class space    used 18674K, committed 19200K, reserved 1048576K
}
Event: 416.556 GC heap before
{Heap before GC invocations=61 (full 0):
 garbage-first heap   total 380928K, used 335882K [0x0000000080000000, 0x0000000100000000)
  region size 1024K, 153 young (156672K), 2 survivors (2048K)
 Metaspace       used 137228K, committed 138368K, reserved 1179648K
  class space    used 19117K, committed 19712K, reserved 1048576K
}
Event: 416.568 GC heap after
{Heap after GC invocations=62 (full 0):
 garbage-first heap   total 380928K, used 159807K [0x0000000080000000, 0x0000000100000000)
  region size 1024K, 13 young (13312K), 13 survivors (13312K)
 Metaspace       used 137228K, committed 138368K, reserved 1179648K
  class space    used 19117K, committed 19712K, reserved 1048576K
}
Event: 416.646 GC heap before
{Heap before GC invocations=62 (full 0):
 garbage-first heap   total 380928K, used 164927K [0x0000000080000000, 0x0000000100000000)
  region size 1024K, 18 young (18432K), 13 survivors (13312K)
 Metaspace       used 137327K, committed 138496K, reserved 1179648K
  class space    used 19128K, committed 19712K, reserved 1048576K
}
Event: 416.660 GC heap after
{Heap after GC invocations=63 (full 0):
 garbage-first heap   total 380928K, used 146539K [0x0000000080000000, 0x0000000100000000)
  region size 1024K, 2 young (2048K), 2 survivors (2048K)
 Metaspace       used 137327K, committed 138496K, reserved 1179648K
  class space    used 19128K, committed 19712K, reserved 1048576K
}
Event: 536.779 GC heap before
{Heap before GC invocations=63 (full 0):
 garbage-first heap   total 380928K, used 302187K [0x0000000080000000, 0x0000000100000000)
  region size 1024K, 155 young (158720K), 2 survivors (2048K)
 Metaspace       used 138362K, committed 139776K, reserved 1179648K
  class space    used 19297K, committed 19968K, reserved 1048576K
}

