# JRE version: OpenJDK Runtime Environment (17.0.10) (build 17.0.10+0--11609105)
# Java VM: OpenJDK 64-Bit Server VM (17.0.10+0--11609105, mixed mode, tiered, compressed oops, compressed class ptrs, g1 gc, windows-amd64)
GC Precious Log:
 CPUs: 8 total, 8 available
 Memory: 16245M
 Large Page Support: Disabled
 NUMA Support: Disabled
 Compressed Oops: Enabled (32-bit)
 Heap Region Size: 1M
 Heap Min Capacity: 8M
 Heap Initial Capacity: 254M
 Heap Max Capacity: 2G
 Pre-touch: Disabled
 Parallel Workers: 8
 Concurrent Workers: 2
 Concurrent Refinement Workers: 8
 Periodic GC: Disabled
Heap:
 garbage-first heap   total 424960K, used 149570K [0x0000000080000000, 0x0000000100000000)
  region size 1024K, 2 young (2048K), 2 survivors (2048K)
 Metaspace       used 135763K, committed 136896K, reserved 1179648K
  class space    used 18673K, committed 19264K, reserved 1048576K
GC Heap History (20 events):
Event: 16.159 GC heap after
{Heap after GC invocations=45 (full 0):
 garbage-first heap   total 381952K, used 121011K [0x0000000080000000, 0x0000000100000000)
  region size 1024K, 14 young (14336K), 14 survivors (14336K)
 Metaspace       used 105489K, committed 106304K, reserved 1179648K
  class space    used 14670K, committed 15104K, reserved 1048576K
}
Event: 16.168 GC heap before
{Heap before GC invocations=45 (full 0):
 garbage-first heap   total 381952K, used 129203K [0x0000000080000000, 0x0000000100000000)
  region size 1024K, 15 young (15360K), 14 survivors (14336K)
 Metaspace       used 105492K, committed 106304K, reserved 1179648K
  class space    used 14670K, committed 15104K, reserved 1048576K
}
Event: 16.176 GC heap after
{Heap after GC invocations=46 (full 0):
 garbage-first heap   total 381952K, used 129543K [0x0000000080000000, 0x0000000100000000)
  region size 1024K, 14 young (14336K), 14 survivors (14336K)
 Metaspace       used 105492K, committed 106304K, reserved 1179648K
  class space    used 14670K, committed 15104K, reserved 1048576K
}
Event: 36.866 GC heap before
{Heap before GC invocations=47 (full 0):
 garbage-first heap   total 381952K, used 339463K [0x0000000080000000, 0x0000000100000000)
  region size 1024K, 201 young (205824K), 14 survivors (14336K)
 Metaspace       used 112435K, committed 113344K, reserved 1179648K
  class space    used 15585K, committed 16064K, reserved 1048576K
}
Event: 36.884 GC heap after
{Heap after GC invocations=48 (full 0):
 garbage-first heap   total 381952K, used 129316K [0x0000000080000000, 0x0000000100000000)
  region size 1024K, 26 young (26624K), 26 survivors (26624K)
 Metaspace       used 112435K, committed 113344K, reserved 1179648K
  class space    used 15585K, committed 16064K, reserved 1048576K
}
Event: 36.890 GC heap before
{Heap before GC invocations=48 (full 0):
 garbage-first heap   total 381952K, used 130340K [0x0000000080000000, 0x0000000100000000)
  region size 1024K, 27 young (27648K), 26 survivors (26624K)
 Metaspace       used 112460K, committed 113408K, reserved 1179648K
  class space    used 15591K, committed 16064K, reserved 1048576K
}
Event: 36.906 GC heap after
{Heap after GC invocations=49 (full 0):
 garbage-first heap   total 381952K, used 130912K [0x0000000080000000, 0x0000000100000000)
  region size 1024K, 4 young (4096K), 4 survivors (4096K)
 Metaspace       used 112460K, committed 113408K, reserved 1179648K
  class space    used 15591K, committed 16064K, reserved 1048576K
}
Event: 38.536 GC heap before
{Heap before GC invocations=49 (full 0):
 garbage-first heap   total 381952K, used 273248K [0x0000000080000000, 0x0000000100000000)
  region size 1024K, 145 young (148480K), 4 survivors (4096K)
 Metaspace       used 127121K, committed 128064K, reserved 1179648K
  class space    used 17794K, committed 18304K, reserved 1048576K
}
Event: 38.541 GC heap after
{Heap after GC invocations=50 (full 0):
 garbage-first heap   total 381952K, used 130400K [0x0000000080000000, 0x0000000100000000)
  region size 1024K, 3 young (3072K), 3 survivors (3072K)
 Metaspace       used 127121K, committed 128064K, reserved 1179648K
  class space    used 17794K, committed 18304K, reserved 1048576K
}
Event: 48.224 GC heap before
{Heap before GC invocations=51 (full 0):
 garbage-first heap   total 422912K, used 407904K [0x0000000080000000, 0x0000000100000000)
  region size 1024K, 119 young (121856K), 3 survivors (3072K)
 Metaspace       used 127899K, committed 128960K, reserved 1179648K
  class space    used 17861K, committed 18368K, reserved 1048576K
}
Event: 48.236 GC heap after
{Heap after GC invocations=52 (full 0):
 garbage-first heap   total 424960K, used 157451K [0x0000000080000000, 0x0000000100000000)
  region size 1024K, 14 young (14336K), 14 survivors (14336K)
 Metaspace       used 127899K, committed 128960K, reserved 1179648K
  class space    used 17861K, committed 18368K, reserved 1048576K
}
Event: 48.395 GC heap before
{Heap before GC invocations=52 (full 0):
 garbage-first heap   total 424960K, used 181003K [0x0000000080000000, 0x0000000100000000)
  region size 1024K, 20 young (20480K), 14 survivors (14336K)
 Metaspace       used 128106K, committed 129088K, reserved 1179648K
  class space    used 17885K, committed 18368K, reserved 1048576K
}
Event: 48.409 GC heap after
{Heap after GC invocations=53 (full 0):
 garbage-first heap   total 424960K, used 137952K [0x0000000080000000, 0x0000000100000000)
  region size 1024K, 2 young (2048K), 2 survivors (2048K)
 Metaspace       used 128106K, committed 129088K, reserved 1179648K
  class space    used 17885K, committed 18368K, reserved 1048576K
}
Event: 1514.033 GC heap before
{Heap before GC invocations=53 (full 0):
 garbage-first heap   total 424960K, used 252640K [0x0000000080000000, 0x0000000100000000)
  region size 1024K, 116 young (118784K), 2 survivors (2048K)
 Metaspace       used 128973K, committed 130048K, reserved 1179648K
  class space    used 17942K, committed 18432K, reserved 1048576K
}
Event: 1514.043 GC heap after
{Heap after GC invocations=54 (full 0):
 garbage-first heap   total 424960K, used 145472K [0x0000000080000000, 0x0000000100000000)
  region size 1024K, 10 young (10240K), 10 survivors (10240K)
 Metaspace       used 128973K, committed 130048K, reserved 1179648K
  class space    used 17942K, committed 18432K, reserved 1048576K
}
Event: 1518.859 GC heap before
{Heap before GC invocations=55 (full 0):
 garbage-first heap   total 424960K, used 365632K [0x0000000080000000, 0x0000000100000000)
  region size 1024K, 209 young (214016K), 10 survivors (10240K)
 Metaspace       used 134929K, committed 136064K, reserved 1179648K
  class space    used 18587K, committed 19136K, reserved 1048576K
}
Event: 1518.876 GC heap after
{Heap after GC invocations=56 (full 0):
 garbage-first heap   total 424960K, used 154904K [0x0000000080000000, 0x0000000100000000)
  region size 1024K, 19 young (19456K), 19 survivors (19456K)
 Metaspace       used 134929K, committed 136064K, reserved 1179648K
  class space    used 18587K, committed 19136K, reserved 1048576K
}
Event: 1518.878 GC heap before
{Heap before GC invocations=56 (full 0):
 garbage-first heap   total 424960K, used 155928K [0x0000000080000000, 0x0000000100000000)
  region size 1024K, 20 young (20480K), 19 survivors (19456K)
 Metaspace       used 134934K, committed 136064K, reserved 1179648K
  class space    used 18587K, committed 19136K, reserved 1048576K
}
Event: 1518.891 GC heap after
{Heap after GC invocations=57 (full 0):
 garbage-first heap   total 424960K, used 150213K [0x0000000080000000, 0x0000000100000000)
  region size 1024K, 2 young (2048K), 2 survivors (2048K)
 Metaspace       used 134934K, committed 136064K, reserved 1179648K
  class space    used 18587K, committed 19136K, reserved 1048576K
}
Event: 1519.294 GC heap before
{Heap before GC invocations=57 (full 0):
 garbage-first heap   total 424960K, used 214725K [0x0000000080000000, 0x0000000100000000)
  region size 1024K, 67 young (68608K), 2 survivors (2048K)
 Metaspace       used 135763K, committed 136896K, reserved 1179648K
  class space    used 18673K, committed 19264K, reserved 1048576K
}

